<?xml version="1.0" encoding="UTF-8"?>
<testsuite xmlns:xsi="http://www.w3.org/2001/XMLSchema-instance" xsi:noNamespaceSchemaLocation="https://maven.apache.org/surefire/maven-surefire-plugin/xsd/surefire-test-report.xsd" name="sample.plugin.MyMojoTest" time="2.573" tests="2" errors="0" skipped="0" failures="0">
  <properties>
    <property name="awt.toolkit" value="sun.lwawt.macosx.LWCToolkit"/>
    <property name="java.specification.version" value="12"/>
    <property name="sun.jnu.encoding" value="UTF-8"/>
    <property name="java.class.path" value="/Users/lap01171/Desktop/hello-maven-plugin/target/test-classes:/Users/lap01171/Desktop/hello-maven-plugin/target/classes:/Users/lap01171/.m2/repository/org/apache/maven/maven-plugin-api/3.3.9/maven-plugin-api-3.3.9.jar:/Users/lap01171/.m2/repository/org/apache/maven/maven-model/3.3.9/maven-model-3.3.9.jar:/Users/lap01171/.m2/repository/org/eclipse/sisu/org.eclipse.sisu.plexus/0.3.2/org.eclipse.sisu.plexus-0.3.2.jar:/Users/lap01171/.m2/repository/javax/enterprise/cdi-api/1.0/cdi-api-1.0.jar:/Users/lap01171/.m2/repository/javax/annotation/jsr250-api/1.0/jsr250-api-1.0.jar:/Users/lap01171/.m2/repository/org/eclipse/sisu/org.eclipse.sisu.inject/0.3.2/org.eclipse.sisu.inject-0.3.2.jar:/Users/lap01171/.m2/repository/org/apache/maven/maven-core/3.3.9/maven-core-3.3.9.jar:/Users/lap01171/.m2/repository/org/apache/maven/maven-settings/3.3.9/maven-settings-3.3.9.jar:/Users/lap01171/.m2/repository/org/apache/maven/maven-settings-builder/3.3.9/maven-settings-builder-3.3.9.jar:/Users/lap01171/.m2/repository/org/apache/maven/maven-builder-support/3.3.9/maven-builder-support-3.3.9.jar:/Users/lap01171/.m2/repository/org/apache/maven/maven-repository-metadata/3.3.9/maven-repository-metadata-3.3.9.jar:/Users/lap01171/.m2/repository/org/apache/maven/maven-model-builder/3.3.9/maven-model-builder-3.3.9.jar:/Users/lap01171/.m2/repository/com/google/guava/guava/18.0/guava-18.0.jar:/Users/lap01171/.m2/repository/org/apache/maven/maven-aether-provider/3.3.9/maven-aether-provider-3.3.9.jar:/Users/lap01171/.m2/repository/org/eclipse/aether/aether-spi/1.0.2.v20150114/aether-spi-1.0.2.v20150114.jar:/Users/lap01171/.m2/repository/org/eclipse/aether/aether-impl/1.0.2.v20150114/aether-impl-1.0.2.v20150114.jar:/Users/lap01171/.m2/repository/org/eclipse/aether/aether-api/1.0.2.v20150114/aether-api-1.0.2.v20150114.jar:/Users/lap01171/.m2/repository/org/eclipse/aether/aether-util/1.0.2.v20150114/aether-util-1.0.2.v20150114.jar:/Users/lap01171/.m2/repository/com/google/inject/guice/4.0/guice-4.0-no_aop.jar:/Users/lap01171/.m2/repository/javax/inject/javax.inject/1/javax.inject-1.jar:/Users/lap01171/.m2/repository/aopalliance/aopalliance/1.0/aopalliance-1.0.jar:/Users/lap01171/.m2/repository/org/codehaus/plexus/plexus-interpolation/1.21/plexus-interpolation-1.21.jar:/Users/lap01171/.m2/repository/org/codehaus/plexus/plexus-utils/3.0.22/plexus-utils-3.0.22.jar:/Users/lap01171/.m2/repository/org/codehaus/plexus/plexus-classworlds/2.5.2/plexus-classworlds-2.5.2.jar:/Users/lap01171/.m2/repository/org/codehaus/plexus/plexus-component-annotations/1.6/plexus-component-annotations-1.6.jar:/Users/lap01171/.m2/repository/org/sonatype/plexus/plexus-sec-dispatcher/1.3/plexus-sec-dispatcher-1.3.jar:/Users/lap01171/.m2/repository/org/sonatype/plexus/plexus-cipher/1.4/plexus-cipher-1.4.jar:/Users/lap01171/.m2/repository/org/apache/commons/commons-lang3/3.4/commons-lang3-3.4.jar:/Users/lap01171/.m2/repository/org/apache/maven/maven-artifact/3.3.9/maven-artifact-3.3.9.jar:/Users/lap01171/.m2/repository/org/apache/maven/maven-compat/3.3.9/maven-compat-3.3.9.jar:/Users/lap01171/.m2/repository/org/apache/maven/wagon/wagon-provider-api/2.10/wagon-provider-api-2.10.jar:/Users/lap01171/.m2/repository/org/apache/maven/plugin-tools/maven-plugin-annotations/3.6.0/maven-plugin-annotations-3.6.0.jar:/Users/lap01171/.m2/repository/junit/junit/4.12/junit-4.12.jar:/Users/lap01171/.m2/repository/org/hamcrest/hamcrest-core/1.3/hamcrest-core-1.3.jar:/Users/lap01171/.m2/repository/org/apache/maven/plugin-testing/maven-plugin-testing-harness/3.3.0/maven-plugin-testing-harness-3.3.0.jar:/Users/lap01171/.m2/repository/commons-io/commons-io/2.2/commons-io-2.2.jar:/Users/lap01171/.m2/repository/org/codehaus/plexus/plexus-archiver/2.2/plexus-archiver-2.2.jar:/Users/lap01171/.m2/repository/org/codehaus/plexus/plexus-container-default/1.0-alpha-9-stable-1/plexus-container-default-1.0-alpha-9-stable-1.jar:/Users/lap01171/.m2/repository/classworlds/classworlds/1.1-alpha-2/classworlds-1.1-alpha-2.jar:/Users/lap01171/.m2/repository/org/codehaus/plexus/plexus-io/2.0.4/plexus-io-2.0.4.jar:/Users/lap01171/.m2/repository/net/mguenther/kafka/kafka-junit/2.0.1/kafka-junit-2.0.1.jar:/Users/lap01171/.m2/repository/org/apache/kafka/kafka_2.11/2.0.0/kafka_2.11-2.0.0.jar:/Users/lap01171/.m2/repository/com/fasterxml/jackson/core/jackson-databind/2.9.6/jackson-databind-2.9.6.jar:/Users/lap01171/.m2/repository/com/fasterxml/jackson/core/jackson-annotations/2.9.0/jackson-annotations-2.9.0.jar:/Users/lap01171/.m2/repository/com/fasterxml/jackson/core/jackson-core/2.9.6/jackson-core-2.9.6.jar:/Users/lap01171/.m2/repository/net/sf/jopt-simple/jopt-simple/5.0.4/jopt-simple-5.0.4.jar:/Users/lap01171/.m2/repository/com/yammer/metrics/metrics-core/2.2.0/metrics-core-2.2.0.jar:/Users/lap01171/.m2/repository/org/scala-lang/scala-library/2.11.12/scala-library-2.11.12.jar:/Users/lap01171/.m2/repository/org/scala-lang/scala-reflect/2.11.12/scala-reflect-2.11.12.jar:/Users/lap01171/.m2/repository/com/typesafe/scala-logging/scala-logging_2.11/3.9.0/scala-logging_2.11-3.9.0.jar:/Users/lap01171/.m2/repository/org/slf4j/slf4j-api/1.7.25/slf4j-api-1.7.25.jar:/Users/lap01171/.m2/repository/org/apache/kafka/kafka_2.11/2.0.0/kafka_2.11-2.0.0-test.jar:/Users/lap01171/.m2/repository/org/apache/kafka/kafka-clients/2.0.0/kafka-clients-2.0.0.jar:/Users/lap01171/.m2/repository/org/lz4/lz4-java/1.4.1/lz4-java-1.4.1.jar:/Users/lap01171/.m2/repository/org/xerial/snappy/snappy-java/1.1.7.1/snappy-java-1.1.7.1.jar:/Users/lap01171/.m2/repository/org/apache/kafka/kafka-clients/2.0.0/kafka-clients-2.0.0-test.jar:/Users/lap01171/.m2/repository/org/apache/kafka/connect-api/2.0.0/connect-api-2.0.0.jar:/Users/lap01171/.m2/repository/javax/ws/rs/javax.ws.rs-api/2.1/javax.ws.rs-api-2.1.jar:/Users/lap01171/.m2/repository/org/apache/kafka/connect-json/2.0.0/connect-json-2.0.0.jar:/Users/lap01171/.m2/repository/org/apache/kafka/connect-runtime/2.0.0/connect-runtime-2.0.0.jar:/Users/lap01171/.m2/repository/org/apache/kafka/kafka-tools/2.0.0/kafka-tools-2.0.0.jar:/Users/lap01171/.m2/repository/org/apache/kafka/kafka-log4j-appender/2.0.0/kafka-log4j-appender-2.0.0.jar:/Users/lap01171/.m2/repository/org/slf4j/slf4j-log4j12/1.7.25/slf4j-log4j12-1.7.25.jar:/Users/lap01171/.m2/repository/net/sourceforge/argparse4j/argparse4j/0.7.0/argparse4j-0.7.0.jar:/Users/lap01171/.m2/repository/org/apache/kafka/connect-transforms/2.0.0/connect-transforms-2.0.0.jar:/Users/lap01171/.m2/repository/com/fasterxml/jackson/jaxrs/jackson-jaxrs-json-provider/2.9.6/jackson-jaxrs-json-provider-2.9.6.jar:/Users/lap01171/.m2/repository/com/fasterxml/jackson/jaxrs/jackson-jaxrs-base/2.9.6/jackson-jaxrs-base-2.9.6.jar:/Users/lap01171/.m2/repository/com/fasterxml/jackson/module/jackson-module-jaxb-annotations/2.9.6/jackson-module-jaxb-annotations-2.9.6.jar:/Users/lap01171/.m2/repository/org/glassfish/jersey/containers/jersey-container-servlet/2.27/jersey-container-servlet-2.27.jar:/Users/lap01171/.m2/repository/org/glassfish/jersey/containers/jersey-container-servlet-core/2.27/jersey-container-servlet-core-2.27.jar:/Users/lap01171/.m2/repository/org/glassfish/hk2/external/javax.inject/2.5.0-b42/javax.inject-2.5.0-b42.jar:/Users/lap01171/.m2/repository/org/glassfish/jersey/core/jersey-common/2.27/jersey-common-2.27.jar:/Users/lap01171/.m2/repository/javax/annotation/javax.annotation-api/1.2/javax.annotation-api-1.2.jar:/Users/lap01171/.m2/repository/org/glassfish/hk2/osgi-resource-locator/1.0.1/osgi-resource-locator-1.0.1.jar:/Users/lap01171/.m2/repository/org/glassfish/jersey/core/jersey-server/2.27/jersey-server-2.27.jar:/Users/lap01171/.m2/repository/org/glassfish/jersey/core/jersey-client/2.27/jersey-client-2.27.jar:/Users/lap01171/.m2/repository/org/glassfish/jersey/media/jersey-media-jaxb/2.27/jersey-media-jaxb-2.27.jar:/Users/lap01171/.m2/repository/javax/validation/validation-api/1.1.0.Final/validation-api-1.1.0.Final.jar:/Users/lap01171/.m2/repository/org/glassfish/jersey/inject/jersey-hk2/2.27/jersey-hk2-2.27.jar:/Users/lap01171/.m2/repository/org/glassfish/hk2/hk2-locator/2.5.0-b42/hk2-locator-2.5.0-b42.jar:/Users/lap01171/.m2/repository/org/glassfish/hk2/external/aopalliance-repackaged/2.5.0-b42/aopalliance-repackaged-2.5.0-b42.jar:/Users/lap01171/.m2/repository/org/glassfish/hk2/hk2-api/2.5.0-b42/hk2-api-2.5.0-b42.jar:/Users/lap01171/.m2/repository/org/glassfish/hk2/hk2-utils/2.5.0-b42/hk2-utils-2.5.0-b42.jar:/Users/lap01171/.m2/repository/javax/xml/bind/jaxb-api/2.3.0/jaxb-api-2.3.0.jar:/Users/lap01171/.m2/repository/javax/activation/activation/1.1.1/activation-1.1.1.jar:/Users/lap01171/.m2/repository/org/eclipse/jetty/jetty-server/9.4.11.v20180605/jetty-server-9.4.11.v20180605.jar:/Users/lap01171/.m2/repository/javax/servlet/javax.servlet-api/3.1.0/javax.servlet-api-3.1.0.jar:/Users/lap01171/.m2/repository/org/eclipse/jetty/jetty-http/9.4.11.v20180605/jetty-http-9.4.11.v20180605.jar:/Users/lap01171/.m2/repository/org/eclipse/jetty/jetty-io/9.4.11.v20180605/jetty-io-9.4.11.v20180605.jar:/Users/lap01171/.m2/repository/org/eclipse/jetty/jetty-servlet/9.4.11.v20180605/jetty-servlet-9.4.11.v20180605.jar:/Users/lap01171/.m2/repository/org/eclipse/jetty/jetty-security/9.4.11.v20180605/jetty-security-9.4.11.v20180605.jar:/Users/lap01171/.m2/repository/org/eclipse/jetty/jetty-servlets/9.4.11.v20180605/jetty-servlets-9.4.11.v20180605.jar:/Users/lap01171/.m2/repository/org/eclipse/jetty/jetty-continuation/9.4.11.v20180605/jetty-continuation-9.4.11.v20180605.jar:/Users/lap01171/.m2/repository/org/eclipse/jetty/jetty-util/9.4.11.v20180605/jetty-util-9.4.11.v20180605.jar:/Users/lap01171/.m2/repository/org/eclipse/jetty/jetty-client/9.4.11.v20180605/jetty-client-9.4.11.v20180605.jar:/Users/lap01171/.m2/repository/org/reflections/reflections/0.9.11/reflections-0.9.11.jar:/Users/lap01171/.m2/repository/org/javassist/javassist/3.21.0-GA/javassist-3.21.0-GA.jar:/Users/lap01171/.m2/repository/org/projectlombok/lombok/1.18.0/lombok-1.18.0.jar:/Users/lap01171/.m2/repository/org/apache/curator/curator-test/4.0.1/curator-test-4.0.1.jar:/Users/lap01171/.m2/repository/org/apache/zookeeper/zookeeper/3.5.3-beta/zookeeper-3.5.3-beta.jar:/Users/lap01171/.m2/repository/commons-cli/commons-cli/1.2/commons-cli-1.2.jar:/Users/lap01171/.m2/repository/log4j/log4j/1.2.17/log4j-1.2.17.jar:/Users/lap01171/.m2/repository/io/netty/netty/3.10.5.Final/netty-3.10.5.Final.jar:/Users/lap01171/.m2/repository/com/101tec/zkclient/0.10/zkclient-0.10.jar:"/>
    <property name="java.vm.vendor" value="Oracle Corporation"/>
    <property name="sun.arch.data.model" value="64"/>
    <property name="java.vendor.url" value="https://java.oracle.com/"/>
    <property name="os.name" value="Mac OS X"/>
    <property name="java.vm.specification.version" value="12"/>
    <property name="sun.java.launcher" value="SUN_STANDARD"/>
    <property name="user.country" value="VN"/>
    <property name="sun.boot.library.path" value="/Library/Java/JavaVirtualMachines/openjdk-12.0.1.jdk/Contents/Home/lib"/>
    <property name="sun.java.command" value="/Users/lap01171/Desktop/hello-maven-plugin/target/surefire/surefirebooter5224165010614448806.jar /Users/lap01171/Desktop/hello-maven-plugin/target/surefire 2019-08-16T11-10-27_910-jvmRun1 surefire17494268620987999297tmp surefire_05822677067165598235tmp"/>
    <property name="http.nonProxyHosts" value="local|*.local|169.254/16|*.169.254/16"/>
    <property name="jdk.debug" value="release"/>
    <property name="surefire.test.class.path" value="/Users/lap01171/Desktop/hello-maven-plugin/target/test-classes:/Users/lap01171/Desktop/hello-maven-plugin/target/classes:/Users/lap01171/.m2/repository/org/apache/maven/maven-plugin-api/3.3.9/maven-plugin-api-3.3.9.jar:/Users/lap01171/.m2/repository/org/apache/maven/maven-model/3.3.9/maven-model-3.3.9.jar:/Users/lap01171/.m2/repository/org/eclipse/sisu/org.eclipse.sisu.plexus/0.3.2/org.eclipse.sisu.plexus-0.3.2.jar:/Users/lap01171/.m2/repository/javax/enterprise/cdi-api/1.0/cdi-api-1.0.jar:/Users/lap01171/.m2/repository/javax/annotation/jsr250-api/1.0/jsr250-api-1.0.jar:/Users/lap01171/.m2/repository/org/eclipse/sisu/org.eclipse.sisu.inject/0.3.2/org.eclipse.sisu.inject-0.3.2.jar:/Users/lap01171/.m2/repository/org/apache/maven/maven-core/3.3.9/maven-core-3.3.9.jar:/Users/lap01171/.m2/repository/org/apache/maven/maven-settings/3.3.9/maven-settings-3.3.9.jar:/Users/lap01171/.m2/repository/org/apache/maven/maven-settings-builder/3.3.9/maven-settings-builder-3.3.9.jar:/Users/lap01171/.m2/repository/org/apache/maven/maven-builder-support/3.3.9/maven-builder-support-3.3.9.jar:/Users/lap01171/.m2/repository/org/apache/maven/maven-repository-metadata/3.3.9/maven-repository-metadata-3.3.9.jar:/Users/lap01171/.m2/repository/org/apache/maven/maven-model-builder/3.3.9/maven-model-builder-3.3.9.jar:/Users/lap01171/.m2/repository/com/google/guava/guava/18.0/guava-18.0.jar:/Users/lap01171/.m2/repository/org/apache/maven/maven-aether-provider/3.3.9/maven-aether-provider-3.3.9.jar:/Users/lap01171/.m2/repository/org/eclipse/aether/aether-spi/1.0.2.v20150114/aether-spi-1.0.2.v20150114.jar:/Users/lap01171/.m2/repository/org/eclipse/aether/aether-impl/1.0.2.v20150114/aether-impl-1.0.2.v20150114.jar:/Users/lap01171/.m2/repository/org/eclipse/aether/aether-api/1.0.2.v20150114/aether-api-1.0.2.v20150114.jar:/Users/lap01171/.m2/repository/org/eclipse/aether/aether-util/1.0.2.v20150114/aether-util-1.0.2.v20150114.jar:/Users/lap01171/.m2/repository/com/google/inject/guice/4.0/guice-4.0-no_aop.jar:/Users/lap01171/.m2/repository/javax/inject/javax.inject/1/javax.inject-1.jar:/Users/lap01171/.m2/repository/aopalliance/aopalliance/1.0/aopalliance-1.0.jar:/Users/lap01171/.m2/repository/org/codehaus/plexus/plexus-interpolation/1.21/plexus-interpolation-1.21.jar:/Users/lap01171/.m2/repository/org/codehaus/plexus/plexus-utils/3.0.22/plexus-utils-3.0.22.jar:/Users/lap01171/.m2/repository/org/codehaus/plexus/plexus-classworlds/2.5.2/plexus-classworlds-2.5.2.jar:/Users/lap01171/.m2/repository/org/codehaus/plexus/plexus-component-annotations/1.6/plexus-component-annotations-1.6.jar:/Users/lap01171/.m2/repository/org/sonatype/plexus/plexus-sec-dispatcher/1.3/plexus-sec-dispatcher-1.3.jar:/Users/lap01171/.m2/repository/org/sonatype/plexus/plexus-cipher/1.4/plexus-cipher-1.4.jar:/Users/lap01171/.m2/repository/org/apache/commons/commons-lang3/3.4/commons-lang3-3.4.jar:/Users/lap01171/.m2/repository/org/apache/maven/maven-artifact/3.3.9/maven-artifact-3.3.9.jar:/Users/lap01171/.m2/repository/org/apache/maven/maven-compat/3.3.9/maven-compat-3.3.9.jar:/Users/lap01171/.m2/repository/org/apache/maven/wagon/wagon-provider-api/2.10/wagon-provider-api-2.10.jar:/Users/lap01171/.m2/repository/org/apache/maven/plugin-tools/maven-plugin-annotations/3.6.0/maven-plugin-annotations-3.6.0.jar:/Users/lap01171/.m2/repository/junit/junit/4.12/junit-4.12.jar:/Users/lap01171/.m2/repository/org/hamcrest/hamcrest-core/1.3/hamcrest-core-1.3.jar:/Users/lap01171/.m2/repository/org/apache/maven/plugin-testing/maven-plugin-testing-harness/3.3.0/maven-plugin-testing-harness-3.3.0.jar:/Users/lap01171/.m2/repository/commons-io/commons-io/2.2/commons-io-2.2.jar:/Users/lap01171/.m2/repository/org/codehaus/plexus/plexus-archiver/2.2/plexus-archiver-2.2.jar:/Users/lap01171/.m2/repository/org/codehaus/plexus/plexus-container-default/1.0-alpha-9-stable-1/plexus-container-default-1.0-alpha-9-stable-1.jar:/Users/lap01171/.m2/repository/classworlds/classworlds/1.1-alpha-2/classworlds-1.1-alpha-2.jar:/Users/lap01171/.m2/repository/org/codehaus/plexus/plexus-io/2.0.4/plexus-io-2.0.4.jar:/Users/lap01171/.m2/repository/net/mguenther/kafka/kafka-junit/2.0.1/kafka-junit-2.0.1.jar:/Users/lap01171/.m2/repository/org/apache/kafka/kafka_2.11/2.0.0/kafka_2.11-2.0.0.jar:/Users/lap01171/.m2/repository/com/fasterxml/jackson/core/jackson-databind/2.9.6/jackson-databind-2.9.6.jar:/Users/lap01171/.m2/repository/com/fasterxml/jackson/core/jackson-annotations/2.9.0/jackson-annotations-2.9.0.jar:/Users/lap01171/.m2/repository/com/fasterxml/jackson/core/jackson-core/2.9.6/jackson-core-2.9.6.jar:/Users/lap01171/.m2/repository/net/sf/jopt-simple/jopt-simple/5.0.4/jopt-simple-5.0.4.jar:/Users/lap01171/.m2/repository/com/yammer/metrics/metrics-core/2.2.0/metrics-core-2.2.0.jar:/Users/lap01171/.m2/repository/org/scala-lang/scala-library/2.11.12/scala-library-2.11.12.jar:/Users/lap01171/.m2/repository/org/scala-lang/scala-reflect/2.11.12/scala-reflect-2.11.12.jar:/Users/lap01171/.m2/repository/com/typesafe/scala-logging/scala-logging_2.11/3.9.0/scala-logging_2.11-3.9.0.jar:/Users/lap01171/.m2/repository/org/slf4j/slf4j-api/1.7.25/slf4j-api-1.7.25.jar:/Users/lap01171/.m2/repository/org/apache/kafka/kafka_2.11/2.0.0/kafka_2.11-2.0.0-test.jar:/Users/lap01171/.m2/repository/org/apache/kafka/kafka-clients/2.0.0/kafka-clients-2.0.0.jar:/Users/lap01171/.m2/repository/org/lz4/lz4-java/1.4.1/lz4-java-1.4.1.jar:/Users/lap01171/.m2/repository/org/xerial/snappy/snappy-java/1.1.7.1/snappy-java-1.1.7.1.jar:/Users/lap01171/.m2/repository/org/apache/kafka/kafka-clients/2.0.0/kafka-clients-2.0.0-test.jar:/Users/lap01171/.m2/repository/org/apache/kafka/connect-api/2.0.0/connect-api-2.0.0.jar:/Users/lap01171/.m2/repository/javax/ws/rs/javax.ws.rs-api/2.1/javax.ws.rs-api-2.1.jar:/Users/lap01171/.m2/repository/org/apache/kafka/connect-json/2.0.0/connect-json-2.0.0.jar:/Users/lap01171/.m2/repository/org/apache/kafka/connect-runtime/2.0.0/connect-runtime-2.0.0.jar:/Users/lap01171/.m2/repository/org/apache/kafka/kafka-tools/2.0.0/kafka-tools-2.0.0.jar:/Users/lap01171/.m2/repository/org/apache/kafka/kafka-log4j-appender/2.0.0/kafka-log4j-appender-2.0.0.jar:/Users/lap01171/.m2/repository/org/slf4j/slf4j-log4j12/1.7.25/slf4j-log4j12-1.7.25.jar:/Users/lap01171/.m2/repository/net/sourceforge/argparse4j/argparse4j/0.7.0/argparse4j-0.7.0.jar:/Users/lap01171/.m2/repository/org/apache/kafka/connect-transforms/2.0.0/connect-transforms-2.0.0.jar:/Users/lap01171/.m2/repository/com/fasterxml/jackson/jaxrs/jackson-jaxrs-json-provider/2.9.6/jackson-jaxrs-json-provider-2.9.6.jar:/Users/lap01171/.m2/repository/com/fasterxml/jackson/jaxrs/jackson-jaxrs-base/2.9.6/jackson-jaxrs-base-2.9.6.jar:/Users/lap01171/.m2/repository/com/fasterxml/jackson/module/jackson-module-jaxb-annotations/2.9.6/jackson-module-jaxb-annotations-2.9.6.jar:/Users/lap01171/.m2/repository/org/glassfish/jersey/containers/jersey-container-servlet/2.27/jersey-container-servlet-2.27.jar:/Users/lap01171/.m2/repository/org/glassfish/jersey/containers/jersey-container-servlet-core/2.27/jersey-container-servlet-core-2.27.jar:/Users/lap01171/.m2/repository/org/glassfish/hk2/external/javax.inject/2.5.0-b42/javax.inject-2.5.0-b42.jar:/Users/lap01171/.m2/repository/org/glassfish/jersey/core/jersey-common/2.27/jersey-common-2.27.jar:/Users/lap01171/.m2/repository/javax/annotation/javax.annotation-api/1.2/javax.annotation-api-1.2.jar:/Users/lap01171/.m2/repository/org/glassfish/hk2/osgi-resource-locator/1.0.1/osgi-resource-locator-1.0.1.jar:/Users/lap01171/.m2/repository/org/glassfish/jersey/core/jersey-server/2.27/jersey-server-2.27.jar:/Users/lap01171/.m2/repository/org/glassfish/jersey/core/jersey-client/2.27/jersey-client-2.27.jar:/Users/lap01171/.m2/repository/org/glassfish/jersey/media/jersey-media-jaxb/2.27/jersey-media-jaxb-2.27.jar:/Users/lap01171/.m2/repository/javax/validation/validation-api/1.1.0.Final/validation-api-1.1.0.Final.jar:/Users/lap01171/.m2/repository/org/glassfish/jersey/inject/jersey-hk2/2.27/jersey-hk2-2.27.jar:/Users/lap01171/.m2/repository/org/glassfish/hk2/hk2-locator/2.5.0-b42/hk2-locator-2.5.0-b42.jar:/Users/lap01171/.m2/repository/org/glassfish/hk2/external/aopalliance-repackaged/2.5.0-b42/aopalliance-repackaged-2.5.0-b42.jar:/Users/lap01171/.m2/repository/org/glassfish/hk2/hk2-api/2.5.0-b42/hk2-api-2.5.0-b42.jar:/Users/lap01171/.m2/repository/org/glassfish/hk2/hk2-utils/2.5.0-b42/hk2-utils-2.5.0-b42.jar:/Users/lap01171/.m2/repository/javax/xml/bind/jaxb-api/2.3.0/jaxb-api-2.3.0.jar:/Users/lap01171/.m2/repository/javax/activation/activation/1.1.1/activation-1.1.1.jar:/Users/lap01171/.m2/repository/org/eclipse/jetty/jetty-server/9.4.11.v20180605/jetty-server-9.4.11.v20180605.jar:/Users/lap01171/.m2/repository/javax/servlet/javax.servlet-api/3.1.0/javax.servlet-api-3.1.0.jar:/Users/lap01171/.m2/repository/org/eclipse/jetty/jetty-http/9.4.11.v20180605/jetty-http-9.4.11.v20180605.jar:/Users/lap01171/.m2/repository/org/eclipse/jetty/jetty-io/9.4.11.v20180605/jetty-io-9.4.11.v20180605.jar:/Users/lap01171/.m2/repository/org/eclipse/jetty/jetty-servlet/9.4.11.v20180605/jetty-servlet-9.4.11.v20180605.jar:/Users/lap01171/.m2/repository/org/eclipse/jetty/jetty-security/9.4.11.v20180605/jetty-security-9.4.11.v20180605.jar:/Users/lap01171/.m2/repository/org/eclipse/jetty/jetty-servlets/9.4.11.v20180605/jetty-servlets-9.4.11.v20180605.jar:/Users/lap01171/.m2/repository/org/eclipse/jetty/jetty-continuation/9.4.11.v20180605/jetty-continuation-9.4.11.v20180605.jar:/Users/lap01171/.m2/repository/org/eclipse/jetty/jetty-util/9.4.11.v20180605/jetty-util-9.4.11.v20180605.jar:/Users/lap01171/.m2/repository/org/eclipse/jetty/jetty-client/9.4.11.v20180605/jetty-client-9.4.11.v20180605.jar:/Users/lap01171/.m2/repository/org/reflections/reflections/0.9.11/reflections-0.9.11.jar:/Users/lap01171/.m2/repository/org/javassist/javassist/3.21.0-GA/javassist-3.21.0-GA.jar:/Users/lap01171/.m2/repository/org/projectlombok/lombok/1.18.0/lombok-1.18.0.jar:/Users/lap01171/.m2/repository/org/apache/curator/curator-test/4.0.1/curator-test-4.0.1.jar:/Users/lap01171/.m2/repository/org/apache/zookeeper/zookeeper/3.5.3-beta/zookeeper-3.5.3-beta.jar:/Users/lap01171/.m2/repository/commons-cli/commons-cli/1.2/commons-cli-1.2.jar:/Users/lap01171/.m2/repository/log4j/log4j/1.2.17/log4j-1.2.17.jar:/Users/lap01171/.m2/repository/io/netty/netty/3.10.5.Final/netty-3.10.5.Final.jar:/Users/lap01171/.m2/repository/com/101tec/zkclient/0.10/zkclient-0.10.jar:"/>
    <property name="sun.cpu.endian" value="little"/>
    <property name="user.home" value="/Users/lap01171"/>
    <property name="user.language" value="en"/>
    <property name="java.specification.vendor" value="Oracle Corporation"/>
    <property name="java.version.date" value="2019-04-16"/>
    <property name="java.home" value="/Library/Java/JavaVirtualMachines/openjdk-12.0.1.jdk/Contents/Home"/>
    <property name="file.separator" value="/"/>
    <property name="basedir" value="/Users/lap01171/Desktop/hello-maven-plugin"/>
    <property name="java.vm.compressedOopsMode" value="Zero based"/>
    <property name="line.separator" value="&#10;"/>
    <property name="java.specification.name" value="Java Platform API Specification"/>
    <property name="java.vm.specification.vendor" value="Oracle Corporation"/>
    <property name="java.awt.graphicsenv" value="sun.awt.CGraphicsEnvironment"/>
    <property name="surefire.real.class.path" value="/Users/lap01171/Desktop/hello-maven-plugin/target/surefire/surefirebooter5224165010614448806.jar"/>
    <property name="sun.management.compiler" value="HotSpot 64-Bit Tiered Compilers"/>
    <property name="ftp.nonProxyHosts" value="local|*.local|169.254/16|*.169.254/16"/>
    <property name="java.runtime.version" value="12.0.1+12"/>
    <property name="user.name" value="lap01171"/>
    <property name="path.separator" value=":"/>
    <property name="os.version" value="10.14.6"/>
    <property name="java.runtime.name" value="OpenJDK Runtime Environment"/>
    <property name="file.encoding" value="UTF-8"/>
    <property name="java.vm.name" value="OpenJDK 64-Bit Server VM"/>
    <property name="localRepository" value="/Users/lap01171/.m2/repository"/>
    <property name="java.vendor.url.bug" value="https://bugreport.java.com/bugreport/"/>
    <property name="java.io.tmpdir" value="/var/folders/k3/hndvcx5963760yqt599d41m40000gn/T/"/>
    <property name="java.version" value="12.0.1"/>
    <property name="user.dir" value="/Users/lap01171/Desktop/hello-maven-plugin"/>
    <property name="os.arch" value="x86_64"/>
    <property name="java.vm.specification.name" value="Java Virtual Machine Specification"/>
    <property name="java.library.path" value="/Users/lap01171/Library/Java/Extensions:/Library/Java/Extensions:/Network/Library/Java/Extensions:/System/Library/Java/Extensions:/usr/lib/java:."/>
    <property name="java.vm.info" value="mixed mode, sharing"/>
    <property name="java.vendor" value="Oracle Corporation"/>
    <property name="java.vm.version" value="12.0.1+12"/>
    <property name="sun.io.unicode.encoding" value="UnicodeBig"/>
    <property name="socksNonProxyHosts" value="local|*.local|169.254/16|*.169.254/16"/>
    <property name="java.class.version" value="56.0"/>
  </properties>
  <testcase name="testSomething" classname="sample.plugin.MyMojoTest" time="2.501"/>
  <testcase name="testSomethingWhichDoesNotNeedTheMojoAndProbablyShouldBeExtractedIntoANewClassOfItsOwn" classname="sample.plugin.MyMojoTest" time="0.003"/>
</testsuite>